<?xml version="1.0" encoding="UTF-8"?>
<!-- Generated by org.testng.reporters.JUnitReportReporter -->
<testsuite skipped="0" hostname="PC445530" name="codingRound.mastertest.SignInTest" tests="3" failures="0" timestamp="22 May 2019 14:40:43 GMT" time="122.761" errors="0">
  <testcase name="testThatResultsAppearForAOneWayJourney" time="32.173" classname="codingRound.mastertest.SignInTest"/>
  <testcase name="shouldThrowAnErrorIfSignInDetailsAreMissing" time="19.264" classname="codingRound.mastertest.SignInTest"/>
  <testcase name="shouldBeAbleToSearchForHotels" time="71.324" classname="codingRound.mastertest.SignInTest"/>
</testsuite> <!-- codingRound.mastertest.SignInTest -->
