<?xml version="1.0" encoding="UTF-8"?>
<!-- Generated by org.testng.reporters.JUnitReportReporter -->
<testsuite skipped="0" hostname="PC445530" name="codingRound.mastertest.ClearTripTest" tests="3" failures="0" timestamp="22 May 2019 16:10:10 GMT" time="144.101" errors="0">
  <testcase name="testThatResultsAppearForAOneWayJourney" time="52.285" classname="codingRound.mastertest.ClearTripTest"/>
  <testcase name="shouldThrowAnErrorIfSignInDetailsAreMissing" time="15.836" classname="codingRound.mastertest.ClearTripTest"/>
  <testcase name="shouldBeAbleToSearchForHotels" time="75.980" classname="codingRound.mastertest.ClearTripTest"/>
</testsuite> <!-- codingRound.mastertest.ClearTripTest -->
